<?xml version="1.0" encoding="UTF-8"?>
<testsuite xmlns:xsi="http://www.w3.org/2001/XMLSchema-instance" xsi:noNamespaceSchemaLocation="https://maven.apache.org/surefire/maven-surefire-plugin/xsd/surefire-test-report.xsd" version="3.0.2" name="com.kylas.ParkingLot.ParkingLotApplicationTests" time="4.389" tests="1" errors="0" skipped="0" failures="0">
  <properties>
[...]
</properties>
  <testcase name="contextLoads" classname="com.kylas.ParkingLot.ParkingLotApplicationTests" time="1.045">
    <system-out><![CDATA[12:08:10.914 [main] INFO org.springframework.test.context.support.AnnotationConfigContextLoaderUtils -- Could not detect default configuration classes for test class [com.kylas.ParkingLot.ParkingLotApplicationTests]: ParkingLotApplicationTests does not declare any static, non-private, non-final, nested classes annotated with @Configuration.
12:08:11.099 [main] INFO org.springframework.boot.test.context.SpringBootTestContextBootstrapper -- Found @SpringBootConfiguration com.kylas.ParkingLot.ParkingLotApplication for test class com.kylas.ParkingLot.ParkingLotApplicationTests

  .   ____          _            __ _ _
 /\\ / ___'_ __ _ _(_)_ __  __ _ \ \ \ \
( ( )\___ | '_ | '_| | '_ \/ _` | \ \ \ \
 \\/  ___)| |_)| | | | | || (_| |  ) ) ) )
  '  |____| .__|_| |_|_| |_\__, | / / / /
 =========|_|==============|___/=/_/_/_/

 :: Spring Boot ::                (v3.4.1)

2025-01-21T12:08:11.903+05:30  INFO 1040 --- [ParkingLot] [           main] c.k.P.ParkingLotApplicationTests         : Starting ParkingLotApplicationTests using Java 17.0.13 with PID 1040 (started by NAIR TWINSSS in C:\Users\NAIR TWINSSS\IdeaProjects\ParkingLot)
2025-01-21T12:08:11.906+05:30  INFO 1040 --- [ParkingLot] [           main] c.k.P.ParkingLotApplicationTests         : No active profile set, falling back to 1 default profile: "default"
2025-01-21T12:08:14.024+05:30  INFO 1040 --- [ParkingLot] [           main] c.k.P.ParkingLotApplicationTests         : Started ParkingLotApplicationTests in 2.559 seconds (process running for 4.352)
]]></system-out>
  </testcase>
</testsuite>